ERROR - 2024-11-16 09:51:31 --> Email: sendWithMail throwed ErrorException: mail(): Failed to connect to mailserver at &quot;localhost&quot; port 25, verify your &quot;SMTP&quot; and &quot;smtp_port&quot; setting in php.ini or use ini_set() in E:\xampp\htdocs\bright\system\Email\Email.php:1762
Stack trace:
#0 [internal function]: CodeIgniter\Debug\Exceptions->errorHandler(2, 'mail(): Failed ...', 'E:\\xampp\\htdocs...', 1762)
#1 E:\xampp\htdocs\bright\system\Email\Email.php(1762): mail('vinaysingh43@gm...', '=?UTF-8?Q?Your=...', 'Your OTP code i...', 'Date: Sat, 16 N...', '-f your_email@e...')
#2 E:\xampp\htdocs\bright\system\Email\Email.php(1694): CodeIgniter\Email\Email->sendWithMail()
#3 E:\xampp\htdocs\bright\system\Email\Email.php(1589): CodeIgniter\Email\Email->spoolEmail()
#4 E:\xampp\htdocs\bright\app\Controllers\DsaController.php(126): CodeIgniter\Email\Email->send()
#5 E:\xampp\htdocs\bright\system\CodeIgniter.php(933): App\Controllers\DsaController->sendOtp()
#6 E:\xampp\htdocs\bright\system\CodeIgniter.php(509): CodeIgniter\CodeIgniter->runController(Object(App\Controllers\DsaController))
#7 E:\xampp\htdocs\bright\system\CodeIgniter.php(355): CodeIgniter\CodeIgniter->handleRequest(NULL, Object(Config\Cache), false)
#8 E:\xampp\htdocs\bright\system\Boot.php(325): CodeIgniter\CodeIgniter->run()
#9 E:\xampp\htdocs\bright\system\Boot.php(67): CodeIgniter\Boot::runCodeIgniter(Object(CodeIgniter\CodeIgniter))
#10 E:\xampp\htdocs\bright\index.php(56): CodeIgniter\Boot::bootWeb(Object(Config\Paths))
#11 {main}
ERROR - 2024-11-16 09:51:31 --> Email: Unable to send email using PHP mail(). Your server might not be configured to send mail using this method.
ERROR - 2024-11-16 09:51:31 --> 
ERROR - 2024-11-16 09:51:31 --> Unable to send email using PHP mail(). Your server might not be configured to send mail using this method.<br><pre>Date: Sat, 16 Nov 2024 09:51:29 +0000
From: &quot;Your App Name&quot; &lt;your_email@example.com&gt;
Return-Path: &lt;your_email@example.com&gt;
Reply-To: &lt;your_email@example.com&gt;
User-Agent: CodeIgniter
X-Sender: your_email@example.com
X-Mailer: CodeIgniter
X-Priority: 3 (Normal)
Message-ID: &lt;67386b21d908b8.55445068@example.com&gt;
Mime-Version: 1.0
Content-Type: text/plain; charset=UTF-8
Content-Transfer-Encoding: 8bit
</pre>
